RECEIVER INPUT

3 102123.13090083712 19317203.8697 10461674.7943 14940820.0047
11 102123.13823210666 7357109.66067 -24185508.0942 8170877.7331
14 102123.14252919114 15330835.6374 -12445347.608 17773798.3795
16 102123.12397692227 -12686021.7101 -23323043.8804 964149.669162
17 102123.1410895654 13772472.6411 -6592370.89258 21741406.3626
20 102123.14060060901 18084749.3102 -4973881.85412 18815723.4501
23 102123.12548022946 4853527.8554 -23720971.233 -10935625.1938
2 103220.54760590485 21084794.2345 -9271035.14705 -13240410.3657
3 103220.55331112015 16163538.9754 12093748.8523 17271663.3174
11 103220.55524620567 10007201.8128 -24127661.4493 4851903.96934
14 103220.56261003224 18592828.385 -10884900.742 15545249.2982
17 103220.56075484387 15618188.3234 -2791171.0018 21309872.4819
20 103220.56057191173 17080110.4725 -1129950.40837 20318025.1398
23 103220.54706325122 7673629.33599 -24210485.3644 -7797237.87602
2 104317.97165583455 23391273.761 -7225183.23211 -10318631.0313
3 104317.97450103732 12596712.8476 13416686.4437 19161014.0016
11 104317.97134803793 12401494.8414 -23453080.8173 1408912.04002
14 104317.98215811512 21379560.078 -9046220.87967 12919342.3179
17 104317.9807414964 17064680.981 1081376.37433 20333627.2075
20 104317.97977126336 15638880.3296 2742861.50206 21300968.0549
23 104317.96719015704 10297577.7944 -24081143.0474 -4459545.75737
2 105415.3946145235 25099832.4898 -4994646.047 -7133093.79641
3 105415.39452654793 8707899.96795 14396672.4084 20560579.0038
5 105415.38648012052 18584139.6924 8225841.69824 -17111235.7096
6 105415.38721571256 2290200.89495 22798245.2267 13447085.2494
11 105415.38688138264 14478788.8718 -22179010.3589 -2070091.68054
14 105415.40080800702 23619797.949 -6976308.40776 9963200.94695
17 105415.4010428018 18074975.7865 4926283.28583 18837624.3345
20 105415.39870632638 13797898.7098 6545561.08229 21739427.9725
23 105415.385838426 12658302.1378 -23336252.9284 -1007865.81911
2 106512.81589736902 26166798.3866 -2636441.4195 -3765228.55815
3 106512.81372442102 4596503.63712 15008658.1338 21434585.1977
5 106512.81089792695 18711605.0986 11754030.3687 -14749498.7029
6 106512.80976243425 -700790.745611 21195927.6727 16002207.6504
14 106512.81835257504 25256279.5544 -4728074.11056 6752389.61672
17 106512.82143606033 18623247.6719 8645267.45998 16860103.913
20 106512.81782781993 11604222.9968 10180947.5149 21622197.4739
2 107610.23522676597 26564901.1603 -210849.695153 -301124.571855
3 107610.23259507451 367615.421299 15237001.2586 21760692.9763
5 107610.23488350364 18360771.0287 14981765.2978 -12010741.1534
6 107610.23101383707 -3673865.60302 19051811.6732 18148286.1659
8 107610.2258328426 6714446.92856 16255674.7124 -19912266.3037
14 107610.2348488826 26247176.1426 -2358986.19765 3368981.4361
17 107610.24153863497 18695481.9408 12143264.9656 14451615.0737
18 107610.2244551997 -1046009.04962 20975387.5407 -16271695.9732
20 107610.2374152095 9113925.81412 13556095.8894 20952272.6154
2 108707.65275952611 26283968.232 2220127.6975 3170670.94589
3 108707.65164685232 -3870670.25484 15075865.1919 21530566.8238
5 108707.65770334749 17540606.6359 17826538.9293 -8964972.72206
6 108707.65099136678 -6553027.63506 16420705.8372 19830465.3471
8 108707.64974408963 3842957.34804 18912901.8768 -18258229.0675
14 108707.65061633565 26567160.9884 70398.8324607 -100539.952256
15 108707.6446773519 -122713.607586 15238297.5847 -21762544.3217
17 108707.6609252529 18289832.8059 15330860.9236 11673723.7647
18 108707.6460259671 -4012103.48878 18772065.7188 -18366863.6818
20 108707.65752406251 6390662.25667 16584732.3235 19746776.8747
2 109805.06901517768 25331183.3203 4594352.94278 6561415.9975
3 109805.0712694392 -8010018.24409 14529368.3469 20750088.4439
5 109805.07870750496 16272078.9575 20215634.3985 -5690050.92487
6 109805.07001665648 -9264682.48848 13369865.6808 21005748.1972
8 109805.07387194203 873234.89389 21086684.6763 -16137481.1368
9 109805.06575523411 -18704349.7489 11948925.6081 14601355.5722
14 109805.06614051925 26208055.9069 2497983.84645 -3567490.65118
15 109805.06674653717 -4355104.24896 15032323.09 -21468382.2576
17 109805.07928665828 17416670.4693 18126575.7908 8597438.40489
18 109805.06721203797 -6875641.4522 16088902.2167 -19992545.7944
20 109805.07798506643 3504043.09198 19189439.5333 18036524.0462
21 109805.06456825399 -18393931.2587 14805101.1318 -12177905.427
2 110902.48466584244 23730901.9511 6851139.43751 9784441.13159
3 110902.49166006781 -11944621.3055 13611479.1839 19439206.8654
5 110902.49758588252 14587616.1337 22087984.7875 -2269689.58767
6 110902.48859836104 -11739518.0469 9977274.32976 21644094.3501
8 110902.49759277872 -2118807.77852 22721456.5726 -13604233.6087
9 110902.48705234952 -18604463.2325 8435668.1897 16986540.4743
15 110902.48952561639 -8476174.27392 14442098.5852 -20625454.3076
17 110902.49656545822 16098315.5186 20458948.3227 5301393.99157
18 110902.48824746376 -9563427.2784 12994482.5157 -21107188.1145
20 110902.4984502721 527855.398442 21303636.3302 15865231.0115
21 110902.48756282903 -18717281.1775 11557696.9302 -14896715.5525
3 111999.92279623446 -15573935.9729 12345646.5524 17631410.5158
5 111999.9245166333 12530257.0261 23395742.7167 1208713.71931
6 111999.91727245032 -13914293.652 6329615.54454 21729185.5919
8 111999.93015164793 -5056713.51191 23775437.0998 -10723215.3029
9 111999.91703624814 -18029012.0251 4706752.18277 18937537.2356
15 111999.9228861288 -12380616.1261 13482700.1926 -19255291.4056
17 111999.92299378687 14368450.2035 22268375.7085 1869809.96853
18 111999.91943576159 -12006778.7972 9567871.32678 -21682301.7332
20 111999.92848998208 -2461850.97854 22873291.9017 13288375.1678
21 111999.91991396791 -18562184.1777 8014828.3492 -17234760.0026
RECEIVER OUTPUT

102123.21 40 45 55.0 1 111 50 58.0 -1 1372.0
103220.63000000002 36 14 8.88 1 99 25 18.22 -1 1219.55
104318.05 31 42 22.77 1 86 59 38.44 -1 1067.11
105415.47 27 10 36.66 1 74 33 58.66 -1 914.66
106512.89000000001 22 38 50.55 1 62 8 18.88 -1 762.22
107610.31 18 7 4.44 1 49 42 39.11 -1 609.77
108707.73 13 35 18.33 1 37 16 59.33 -1 457.33
109805.15 9 3 32.22 1 24 51 19.55 -1 304.88
110902.57 4 31 46.11 1 12 25 39.77 -1 152.44
112000.0 0 0 0.0 1 0 0 0.0 -1 -0.0
