CONSTANTS

pi : 3.141592653589793
c : 299792458.0
R : 6367444.5
s : 86164.09
0 : [array([1., 0., 0.]), array([0.        , 0.57357644, 0.81915204]), 43082.045, 20200000.0, 0.0]
1 : [array([1., 0., 0.]), array([0.        , 0.57357644, 0.81915204]), 43082.045, 20200000.0, 1.5707963267948966]
2 : [array([1., 0., 0.]), array([0.        , 0.57357644, 0.81915204]), 43082.045, 20200000.0, 3.141592653589793]
3 : [array([1., 0., 0.]), array([0.        , 0.57357644, 0.81915204]), 43082.045, 20200000.0, 4.71238898038469]
4 : [array([0.5      , 0.8660254, 0.       ]), array([-0.49673176,  0.28678822,  0.81915204]), 43082.045, 20200000.0, 1.0]
5 : [array([0.5      , 0.8660254, 0.       ]), array([-0.49673176,  0.28678822,  0.81915204]), 43082.045, 20200000.0, 2.5707963267948966]
6 : [array([0.5      , 0.8660254, 0.       ]), array([-0.49673176,  0.28678822,  0.81915204]), 43082.045, 20200000.0, 4.141592653589793]
7 : [array([0.5      , 0.8660254, 0.       ]), array([-0.49673176,  0.28678822,  0.81915204]), 43082.045, 20200000.0, 5.71238898038469]
8 : [array([-0.5      ,  0.8660254,  0.       ]), array([-0.49673176, -0.28678822,  0.81915204]), 43082.045, 20200000.0, 2.0]
9 : [array([-0.5      ,  0.8660254,  0.       ]), array([-0.49673176, -0.28678822,  0.81915204]), 43082.045, 20200000.0, 3.5707963267948966]
10 : [array([-0.5      ,  0.8660254,  0.       ]), array([-0.49673176, -0.28678822,  0.81915204]), 43082.045, 20200000.0, 5.141592653589793]
11 : [array([-0.5      ,  0.8660254,  0.       ]), array([-0.49673176, -0.28678822,  0.81915204]), 43082.045, 20200000.0, 6.71238898038469]
12 : [array([-1.00000000e+00,  1.11022302e-16,  0.00000000e+00]), array([-5.55111512e-17, -5.73576436e-01,  8.19152044e-01]), 43082.045, 20200000.0, 3.0]
13 : [array([-1.00000000e+00,  1.11022302e-16,  0.00000000e+00]), array([-5.55111512e-17, -5.73576436e-01,  8.19152044e-01]), 43082.045, 20200000.0, 4.570796326794897]
14 : [array([-1.00000000e+00,  1.11022302e-16,  0.00000000e+00]), array([-5.55111512e-17, -5.73576436e-01,  8.19152044e-01]), 43082.045, 20200000.0, 6.141592653589793]
15 : [array([-1.00000000e+00,  1.11022302e-16,  0.00000000e+00]), array([-5.55111512e-17, -5.73576436e-01,  8.19152044e-01]), 43082.045, 20200000.0, 7.71238898038469]
16 : [array([-0.5      , -0.8660254,  0.       ]), array([ 0.49673176, -0.28678822,  0.81915204]), 43082.045, 20200000.0, 4.0]
17 : [array([-0.5      , -0.8660254,  0.       ]), array([ 0.49673176, -0.28678822,  0.81915204]), 43082.045, 20200000.0, 5.570796326794897]
18 : [array([-0.5      , -0.8660254,  0.       ]), array([ 0.49673176, -0.28678822,  0.81915204]), 43082.045, 20200000.0, 7.141592653589793]
19 : [array([-0.5      , -0.8660254,  0.       ]), array([ 0.49673176, -0.28678822,  0.81915204]), 43082.045, 20200000.0, 8.71238898038469]
20 : [array([ 0.5      , -0.8660254,  0.       ]), array([0.49673176, 0.28678822, 0.81915204]), 43082.045, 20200000.0, 5.0]
21 : [array([ 0.5      , -0.8660254,  0.       ]), array([0.49673176, 0.28678822, 0.81915204]), 43082.045, 20200000.0, 6.570796326794897]
22 : [array([ 0.5      , -0.8660254,  0.       ]), array([0.49673176, 0.28678822, 0.81915204]), 43082.045, 20200000.0, 8.141592653589793]
23 : [array([ 0.5      , -0.8660254,  0.       ]), array([0.49673176, 0.28678822, 0.81915204]), 43082.045, 20200000.0, 9.71238898038469]


Input = [102123.2123, 0.0, 0.0, 0.0, 1.0, 0.0, 0.0, 0.0, 1.0, 0.0]

Satellite 3 output = 3 102123.13575158472 19317190.966392394 10461682.632737638 14940831.199112853
Satellite 6 output = 6 102123.14459760342 10615452.93429524 24019971.81640496 4022713.0396604473
Satellite 9 output = 9 102123.13766582607 -7357108.23861106 24185507.96394158 -8170879.398942306
Satellite 15 output = 15 102123.1352079047 21697817.777046986 8793392.78261576 -12558266.374993198
Satellite 18 output = 18 102123.1447859504 12685979.912912622 23323063.887245465 -964215.6507876655
Satellite 21 output = 21 102123.13820367839 -4853561.413785521 23720980.46269229 10935590.279073322

Input = [102124.2123, 0.0, 0.0, 0.0, 1.0, 0.0, 0.0, 0.0, 1.0, 0.0]

Satellite 3 output = 3 102124.13575106574 19314530.68785619 10463298.436826034 14943138.80650098
Satellite 6 output = 6 102124.14459710641 10613203.219845098 24020443.3657153 4025832.2356146076
Satellite 9 output = 9 102124.13766621314 -7359619.39595883 24185737.643400323 -8167937.576390714
Satellite 15 output = 15 102124.13520752102 21695581.66592943 8795207.74810819 -12560858.414343517
Satellite 18 output = 18 102124.14478585734 12683971.167859407 23324025.08393046 -967386.4572516817
Satellite 21 output = 21 102124.1382042824 -4856198.885759059 23721705.614523616 10932846.032960087
